Added Component: Designator=U8(XBP24-AUI-001)
Add component (AddParameter): Name = "Availability"; Value = "Unavailable"; VariantName = "[No Variations]"
Add component (AddParameter): Name = "MF"; Value = ""; VariantName = "[No Variations]"
Add component (AddParameter): Name = "MP"; Value = "XBP24-AUI-001"; VariantName = "[No Variations]"
Add component (AddParameter): Name = "Package"; Value = "None"; VariantName = "[No Variations]"
Add component (AddParameter): Name = "Price"; Value = "None"; VariantName = "[No Variations]"
Add component (AddParameter): Name = "Value"; Value = ""; VariantName = "[No Variations]"
Added Component: Designator=U9(PQFN50P300X250X97-14N)
Add component (AddParameter): Name = "Availability"; Value = "Unavailable"; VariantName = "[No Variations]"
Add component (AddParameter): Name = "MF"; Value = ""; VariantName = "[No Variations]"
Add component (AddParameter): Name = "MP"; Value = "ICM-42688-P"; VariantName = "[No Variations]"
Add component (AddParameter): Name = "Package"; Value = "None"; VariantName = "[No Variations]"
Add component (AddParameter): Name = "Price"; Value = "None"; VariantName = "[No Variations]"
Add component (AddParameter): Name = "Value"; Value = ""; VariantName = "[No Variations]"
Added Pin To Net: NetName=3.3VA Pin=U8-1
Added Pin To Net: NetName=USART3_RX Pin=U8-2
Added Pin To Net: NetName=USART3_TX Pin=U8-3
Added Pin To Net: NetName=NetR78_1 Pin=U8-5
Added Pin To Net: NetName=GND Pin=U8-10
Added Pin To Net: NetName=CTS Pin=U8-12
Added Pin To Net: NetName=ON/SLEEP Pin=U8-13
Added Pin To Net: NetName=3.3VA Pin=U8-14
Added Pin To Net: NetName=NetLD4_1 Pin=U8-15
Added Pin To Net: NetName=RST Pin=U8-16
Added Pin To Net: NetName=IMU_SDIO Pin=U9-1
Added Pin To Net: NetName=IMU_INT Pin=U9-4
Added Pin To Net: NetName=3.3VA Pin=U9-5
Added Pin To Net: NetName=GND Pin=U9-6
Added Pin To Net: NetName=3.3VA Pin=U9-8
Added Pin To Net: NetName=IMU_CS Pin=U9-12
Added Pin To Net: NetName=IMU_SCLK Pin=U9-13
Added Pin To Net: NetName=IMU_SDO Pin=U9-14
Added Member To Class: ClassName=U_NAVIGATION-PHERIPHERAL Member=Component U8 XBP24-AUI-001
Added Member To Class: ClassName=U_NAVIGATION-PHERIPHERAL Member=Component U9 ICM-42688-P
